2024-06-13 21:29:10.776 | INFO  | restartedMain | c.e.m.MemberApplication >>>>> Starting MemberApplication using Java 17.0.9 with PID 2324 (D:\GithubProjects\SpringCloud\E-Commerce-Center\member-service-provider-10000\target\classes started by 30218 in D:\GithubProjects\SpringCloud)
2024-06-13 21:29:10.784 | INFO  | restartedMain | c.e.m.MemberApplication >>>>> No active profile set, falling back to 1 default profile: "default"
2024-06-13 21:29:10.808 | INFO  | restartedMain | o.s.b.d.e.DevToolsPropertyDefaultsPostProcessor >>>>> Devtools property defaults active! Set 'spring.devtools.add-properties' to 'false' to disable
2024-06-13 21:29:10.809 | INFO  | restartedMain | o.s.b.d.e.DevToolsPropertyDefaultsPostProcessor >>>>> For additional web related logging consider setting the 'logging.level.web' property to 'DEBUG'
2024-06-13 21:29:11.629 | INFO  | restartedMain | o.s.b.w.e.t.TomcatWebServer >>>>> Tomcat initialized with port 9191 (http)
2024-06-13 21:29:11.636 | INFO  | restartedMain | o.a.c.h.Http11NioProtocol >>>>> Initializing ProtocolHandler ["http-nio-9191"]
2024-06-13 21:29:11.637 | INFO  | restartedMain | o.a.c.c.StandardService >>>>> Starting service [Tomcat]
2024-06-13 21:29:11.637 | INFO  | restartedMain | o.a.c.c.StandardEngine >>>>> Starting Servlet engine: [Apache Tomcat/10.1.16]
2024-06-13 21:29:11.669 | INFO  | restartedMain | o.a.c.c.C.[.[.[/] >>>>> Initializing Spring embedded WebApplicationContext
2024-06-13 21:29:11.669 | INFO  | restartedMain | o.s.b.w.s.c.ServletWebServerApplicationContext >>>>> Root WebApplicationContext: initialization completed in 860 ms
2024-06-13 21:29:11.743 | WARN  | restartedMain | o.s.b.w.s.c.AnnotationConfigServletWebServerApplicationContext >>>>> Exception encountered during context initialization - cancelling refresh attempt: org.springframework.beans.factory.UnsatisfiedDependencyException: Error creating bean with name 'webConfig': Unsatisfied dependency expressed through field 'tokenInterceptor': No qualifying bean of type 'com.example.member.interceptor.TokenInterceptor' available: expected at least 1 bean which qualifies as autowire candidate. Dependency annotations: {@org.springframework.beans.factory.annotation.Autowired(required=true)}
2024-06-13 21:29:11.746 | INFO  | restartedMain | o.a.c.c.StandardService >>>>> Stopping service [Tomcat]
2024-06-13 21:29:11.771 | INFO  | restartedMain | o.s.b.a.l.ConditionEvaluationReportLogger >>>>> 

Error starting ApplicationContext. To display the condition evaluation report re-run your application with 'debug' enabled.
2024-06-13 21:29:11.782 | ERROR | restartedMain | o.s.b.d.LoggingFailureAnalysisReporter >>>>> 

***************************
APPLICATION FAILED TO START
***************************

Description:

Field tokenInterceptor in com.example.member.config.WebConfig required a bean of type 'com.example.member.interceptor.TokenInterceptor' that could not be found.

The injection point has the following annotations:
	- @org.springframework.beans.factory.annotation.Autowired(required=true)


Action:

Consider defining a bean of type 'com.example.member.interceptor.TokenInterceptor' in your configuration.

2024-06-13 21:29:26.205 | INFO  | restartedMain | c.e.m.MemberApplication >>>>> Starting MemberApplication using Java 17.0.9 with PID 10316 (D:\GithubProjects\SpringCloud\E-Commerce-Center\member-service-provider-10000\target\classes started by 30218 in D:\GithubProjects\SpringCloud)
2024-06-13 21:29:26.210 | INFO  | restartedMain | c.e.m.MemberApplication >>>>> No active profile set, falling back to 1 default profile: "default"
2024-06-13 21:29:26.232 | INFO  | restartedMain | o.s.b.d.e.DevToolsPropertyDefaultsPostProcessor >>>>> Devtools property defaults active! Set 'spring.devtools.add-properties' to 'false' to disable
2024-06-13 21:29:26.232 | INFO  | restartedMain | o.s.b.d.e.DevToolsPropertyDefaultsPostProcessor >>>>> For additional web related logging consider setting the 'logging.level.web' property to 'DEBUG'
2024-06-13 21:29:27.001 | INFO  | restartedMain | o.s.b.w.e.t.TomcatWebServer >>>>> Tomcat initialized with port 9191 (http)
2024-06-13 21:29:27.007 | INFO  | restartedMain | o.a.c.h.Http11NioProtocol >>>>> Initializing ProtocolHandler ["http-nio-9191"]
2024-06-13 21:29:27.008 | INFO  | restartedMain | o.a.c.c.StandardService >>>>> Starting service [Tomcat]
2024-06-13 21:29:27.008 | INFO  | restartedMain | o.a.c.c.StandardEngine >>>>> Starting Servlet engine: [Apache Tomcat/10.1.16]
2024-06-13 21:29:27.035 | INFO  | restartedMain | o.a.c.c.C.[.[.[/] >>>>> Initializing Spring embedded WebApplicationContext
2024-06-13 21:29:27.035 | INFO  | restartedMain | o.s.b.w.s.c.ServletWebServerApplicationContext >>>>> Root WebApplicationContext: initialization completed in 803 ms
2024-06-13 21:29:27.657 | INFO  | restartedMain | o.s.b.d.a.OptionalLiveReloadServer >>>>> LiveReload server is running on port 35729
2024-06-13 21:29:27.660 | INFO  | restartedMain | o.s.b.a.e.w.EndpointLinksResolver >>>>> Exposing 1 endpoint(s) beneath base path '/actuator'
2024-06-13 21:29:27.687 | INFO  | restartedMain | o.a.c.h.Http11NioProtocol >>>>> Starting ProtocolHandler ["http-nio-9191"]
2024-06-13 21:29:27.699 | INFO  | restartedMain | o.s.b.w.e.t.TomcatWebServer >>>>> Tomcat started on port 9191 (http) with context path ''
2024-06-13 21:29:27.707 | INFO  | restartedMain | c.e.m.MemberApplication >>>>> Started MemberApplication in 1.708 seconds (process running for 2.339)
2024-06-13 21:29:28.065 | INFO  | RMI TCP Connection(3)-192.168.31.173 | o.a.c.c.C.[.[.[/] >>>>> Initializing Spring DispatcherServlet 'dispatcherServlet'
2024-06-13 21:29:28.065 | INFO  | RMI TCP Connection(3)-192.168.31.173 | o.s.w.s.DispatcherServlet >>>>> Initializing Servlet 'dispatcherServlet'
2024-06-13 21:29:28.066 | INFO  | RMI TCP Connection(3)-192.168.31.173 | o.s.w.s.DispatcherServlet >>>>> Completed initialization in 1 ms
2024-06-13 21:29:28.107 | INFO  | RMI TCP Connection(2)-192.168.31.173 | c.a.d.p.DruidDataSource >>>>> {dataSource-1} inited
2024-06-13 21:30:37.518 | INFO  | SpringApplicationShutdownHook | c.a.d.p.DruidDataSource >>>>> {dataSource-1} closing ...
2024-06-13 21:30:37.520 | INFO  | SpringApplicationShutdownHook | c.a.d.p.DruidDataSource >>>>> {dataSource-1} closed
2024-06-13 21:30:40.700 | INFO  | restartedMain | c.e.m.MemberApplication >>>>> Starting MemberApplication using Java 17.0.9 with PID 3828 (D:\GithubProjects\SpringCloud\E-Commerce-Center\member-service-provider-10000\target\classes started by 30218 in D:\GithubProjects\SpringCloud)
2024-06-13 21:30:40.705 | INFO  | restartedMain | c.e.m.MemberApplication >>>>> No active profile set, falling back to 1 default profile: "default"
2024-06-13 21:30:40.726 | INFO  | restartedMain | o.s.b.d.e.DevToolsPropertyDefaultsPostProcessor >>>>> Devtools property defaults active! Set 'spring.devtools.add-properties' to 'false' to disable
2024-06-13 21:30:40.726 | INFO  | restartedMain | o.s.b.d.e.DevToolsPropertyDefaultsPostProcessor >>>>> For additional web related logging consider setting the 'logging.level.web' property to 'DEBUG'
2024-06-13 21:30:41.438 | INFO  | restartedMain | o.s.b.w.e.t.TomcatWebServer >>>>> Tomcat initialized with port 9191 (http)
2024-06-13 21:30:41.443 | INFO  | restartedMain | o.a.c.h.Http11NioProtocol >>>>> Initializing ProtocolHandler ["http-nio-9191"]
2024-06-13 21:30:41.444 | INFO  | restartedMain | o.a.c.c.StandardService >>>>> Starting service [Tomcat]
2024-06-13 21:30:41.444 | INFO  | restartedMain | o.a.c.c.StandardEngine >>>>> Starting Servlet engine: [Apache Tomcat/10.1.16]
2024-06-13 21:30:41.474 | INFO  | restartedMain | o.a.c.c.C.[.[.[/] >>>>> Initializing Spring embedded WebApplicationContext
2024-06-13 21:30:41.474 | INFO  | restartedMain | o.s.b.w.s.c.ServletWebServerApplicationContext >>>>> Root WebApplicationContext: initialization completed in 747 ms
2024-06-13 21:30:42.019 | INFO  | restartedMain | o.s.b.d.a.OptionalLiveReloadServer >>>>> LiveReload server is running on port 35729
2024-06-13 21:30:42.022 | INFO  | restartedMain | o.s.b.a.e.w.EndpointLinksResolver >>>>> Exposing 1 endpoint(s) beneath base path '/actuator'
2024-06-13 21:30:42.048 | INFO  | restartedMain | o.a.c.h.Http11NioProtocol >>>>> Starting ProtocolHandler ["http-nio-9191"]
2024-06-13 21:30:42.059 | INFO  | restartedMain | o.s.b.w.e.t.TomcatWebServer >>>>> Tomcat started on port 9191 (http) with context path ''
2024-06-13 21:30:42.068 | INFO  | restartedMain | c.e.m.MemberApplication >>>>> Started MemberApplication in 1.568 seconds (process running for 2.175)
2024-06-13 21:30:42.555 | INFO  | RMI TCP Connection(1)-192.168.31.173 | o.a.c.c.C.[.[.[/] >>>>> Initializing Spring DispatcherServlet 'dispatcherServlet'
2024-06-13 21:30:42.555 | INFO  | RMI TCP Connection(1)-192.168.31.173 | o.s.w.s.DispatcherServlet >>>>> Initializing Servlet 'dispatcherServlet'
2024-06-13 21:30:42.557 | INFO  | RMI TCP Connection(1)-192.168.31.173 | o.s.w.s.DispatcherServlet >>>>> Completed initialization in 2 ms
2024-06-13 21:30:42.592 | INFO  | RMI TCP Connection(2)-192.168.31.173 | c.a.d.p.DruidDataSource >>>>> {dataSource-1} inited
2024-06-13 21:32:49.032 | INFO  | SpringApplicationShutdownHook | c.a.d.p.DruidDataSource >>>>> {dataSource-1} closing ...
2024-06-13 21:32:49.035 | INFO  | SpringApplicationShutdownHook | c.a.d.p.DruidDataSource >>>>> {dataSource-1} closed
2024-06-13 21:36:06.993 | INFO  | restartedMain | c.e.m.MemberApplication >>>>> Starting MemberApplication using Java 17.0.9 with PID 11532 (D:\GithubProjects\SpringCloud\E-Commerce-Center\member-service-provider-10000\target\classes started by 30218 in D:\GithubProjects\SpringCloud)
2024-06-13 21:36:07.003 | INFO  | restartedMain | c.e.m.MemberApplication >>>>> No active profile set, falling back to 1 default profile: "default"
2024-06-13 21:36:07.021 | INFO  | restartedMain | o.s.b.d.e.DevToolsPropertyDefaultsPostProcessor >>>>> Devtools property defaults active! Set 'spring.devtools.add-properties' to 'false' to disable
2024-06-13 21:36:07.021 | INFO  | restartedMain | o.s.b.d.e.DevToolsPropertyDefaultsPostProcessor >>>>> For additional web related logging consider setting the 'logging.level.web' property to 'DEBUG'
2024-06-13 21:36:07.740 | INFO  | restartedMain | o.s.b.w.e.t.TomcatWebServer >>>>> Tomcat initialized with port 9191 (http)
2024-06-13 21:36:07.746 | INFO  | restartedMain | o.a.c.h.Http11NioProtocol >>>>> Initializing ProtocolHandler ["http-nio-9191"]
2024-06-13 21:36:07.747 | INFO  | restartedMain | o.a.c.c.StandardService >>>>> Starting service [Tomcat]
2024-06-13 21:36:07.747 | INFO  | restartedMain | o.a.c.c.StandardEngine >>>>> Starting Servlet engine: [Apache Tomcat/10.1.16]
2024-06-13 21:36:07.778 | INFO  | restartedMain | o.a.c.c.C.[.[.[/] >>>>> Initializing Spring embedded WebApplicationContext
2024-06-13 21:36:07.779 | INFO  | restartedMain | o.s.b.w.s.c.ServletWebServerApplicationContext >>>>> Root WebApplicationContext: initialization completed in 757 ms
2024-06-13 21:36:08.330 | INFO  | restartedMain | o.s.b.d.a.OptionalLiveReloadServer >>>>> LiveReload server is running on port 35729
2024-06-13 21:36:08.332 | INFO  | restartedMain | o.s.b.a.e.w.EndpointLinksResolver >>>>> Exposing 1 endpoint(s) beneath base path '/actuator'
2024-06-13 21:36:08.359 | INFO  | restartedMain | o.a.c.h.Http11NioProtocol >>>>> Starting ProtocolHandler ["http-nio-9191"]
2024-06-13 21:36:08.370 | INFO  | restartedMain | o.s.b.w.e.t.TomcatWebServer >>>>> Tomcat started on port 9191 (http) with context path ''
2024-06-13 21:36:08.379 | INFO  | restartedMain | c.e.m.MemberApplication >>>>> Started MemberApplication in 1.577 seconds (process running for 2.181)
2024-06-13 21:36:08.585 | INFO  | RMI TCP Connection(3)-192.168.31.173 | o.a.c.c.C.[.[.[/] >>>>> Initializing Spring DispatcherServlet 'dispatcherServlet'
2024-06-13 21:36:08.586 | INFO  | RMI TCP Connection(3)-192.168.31.173 | o.s.w.s.DispatcherServlet >>>>> Initializing Servlet 'dispatcherServlet'
2024-06-13 21:36:08.587 | INFO  | RMI TCP Connection(3)-192.168.31.173 | o.s.w.s.DispatcherServlet >>>>> Completed initialization in 1 ms
2024-06-13 21:36:08.624 | INFO  | RMI TCP Connection(2)-192.168.31.173 | c.a.d.p.DruidDataSource >>>>> {dataSource-1} inited
2024-06-13 21:36:33.806 | INFO  | http-nio-9191-exec-3 | o.s.a.AbstractOpenApiResource >>>>> Init duration for springdoc-openapi is: 111 ms
2024-06-13 21:38:04.538 | INFO  | SpringApplicationShutdownHook | c.a.d.p.DruidDataSource >>>>> {dataSource-1} closing ...
2024-06-13 21:38:04.541 | INFO  | SpringApplicationShutdownHook | c.a.d.p.DruidDataSource >>>>> {dataSource-1} closed
2024-06-13 21:38:06.819 | INFO  | restartedMain | c.e.m.MemberApplication >>>>> Starting MemberApplication using Java 17.0.9 with PID 10980 (D:\GithubProjects\SpringCloud\E-Commerce-Center\member-service-provider-10000\target\classes started by 30218 in D:\GithubProjects\SpringCloud)
2024-06-13 21:38:06.824 | INFO  | restartedMain | c.e.m.MemberApplication >>>>> No active profile set, falling back to 1 default profile: "default"
2024-06-13 21:38:06.844 | INFO  | restartedMain | o.s.b.d.e.DevToolsPropertyDefaultsPostProcessor >>>>> Devtools property defaults active! Set 'spring.devtools.add-properties' to 'false' to disable
2024-06-13 21:38:06.844 | INFO  | restartedMain | o.s.b.d.e.DevToolsPropertyDefaultsPostProcessor >>>>> For additional web related logging consider setting the 'logging.level.web' property to 'DEBUG'
2024-06-13 21:38:07.542 | INFO  | restartedMain | o.s.b.w.e.t.TomcatWebServer >>>>> Tomcat initialized with port 9191 (http)
2024-06-13 21:38:07.548 | INFO  | restartedMain | o.a.c.h.Http11NioProtocol >>>>> Initializing ProtocolHandler ["http-nio-9191"]
2024-06-13 21:38:07.549 | INFO  | restartedMain | o.a.c.c.StandardService >>>>> Starting service [Tomcat]
2024-06-13 21:38:07.549 | INFO  | restartedMain | o.a.c.c.StandardEngine >>>>> Starting Servlet engine: [Apache Tomcat/10.1.16]
2024-06-13 21:38:07.579 | INFO  | restartedMain | o.a.c.c.C.[.[.[/] >>>>> Initializing Spring embedded WebApplicationContext
2024-06-13 21:38:07.579 | INFO  | restartedMain | o.s.b.w.s.c.ServletWebServerApplicationContext >>>>> Root WebApplicationContext: initialization completed in 734 ms
2024-06-13 21:38:08.123 | INFO  | restartedMain | o.s.b.d.a.OptionalLiveReloadServer >>>>> LiveReload server is running on port 35729
2024-06-13 21:38:08.126 | INFO  | restartedMain | o.s.b.a.e.w.EndpointLinksResolver >>>>> Exposing 1 endpoint(s) beneath base path '/actuator'
2024-06-13 21:38:08.151 | INFO  | restartedMain | o.a.c.h.Http11NioProtocol >>>>> Starting ProtocolHandler ["http-nio-9191"]
2024-06-13 21:38:08.163 | INFO  | restartedMain | o.s.b.w.e.t.TomcatWebServer >>>>> Tomcat started on port 9191 (http) with context path ''
2024-06-13 21:38:08.171 | INFO  | restartedMain | c.e.m.MemberApplication >>>>> Started MemberApplication in 1.558 seconds (process running for 2.213)
2024-06-13 21:38:08.627 | INFO  | RMI TCP Connection(1)-192.168.31.173 | o.a.c.c.C.[.[.[/] >>>>> Initializing Spring DispatcherServlet 'dispatcherServlet'
2024-06-13 21:38:08.627 | INFO  | RMI TCP Connection(1)-192.168.31.173 | o.s.w.s.DispatcherServlet >>>>> Initializing Servlet 'dispatcherServlet'
2024-06-13 21:38:08.628 | INFO  | RMI TCP Connection(1)-192.168.31.173 | o.s.w.s.DispatcherServlet >>>>> Completed initialization in 1 ms
2024-06-13 21:38:08.661 | INFO  | RMI TCP Connection(2)-192.168.31.173 | c.a.d.p.DruidDataSource >>>>> {dataSource-1} inited
2024-06-13 21:38:23.175 | INFO  | SpringApplicationShutdownHook | c.a.d.p.DruidDataSource >>>>> {dataSource-1} closing ...
2024-06-13 21:38:23.177 | INFO  | SpringApplicationShutdownHook | c.a.d.p.DruidDataSource >>>>> {dataSource-1} closed
2024-06-13 21:38:25.422 | INFO  | restartedMain | c.e.m.MemberApplication >>>>> Starting MemberApplication using Java 17.0.9 with PID 15920 (D:\GithubProjects\SpringCloud\E-Commerce-Center\member-service-provider-10000\target\classes started by 30218 in D:\GithubProjects\SpringCloud)
2024-06-13 21:38:25.427 | INFO  | restartedMain | c.e.m.MemberApplication >>>>> No active profile set, falling back to 1 default profile: "default"
2024-06-13 21:38:25.450 | INFO  | restartedMain | o.s.b.d.e.DevToolsPropertyDefaultsPostProcessor >>>>> Devtools property defaults active! Set 'spring.devtools.add-properties' to 'false' to disable
2024-06-13 21:38:25.450 | INFO  | restartedMain | o.s.b.d.e.DevToolsPropertyDefaultsPostProcessor >>>>> For additional web related logging consider setting the 'logging.level.web' property to 'DEBUG'
2024-06-13 21:38:26.165 | INFO  | restartedMain | o.s.b.w.e.t.TomcatWebServer >>>>> Tomcat initialized with port 9191 (http)
2024-06-13 21:38:26.171 | INFO  | restartedMain | o.a.c.h.Http11NioProtocol >>>>> Initializing ProtocolHandler ["http-nio-9191"]
2024-06-13 21:38:26.172 | INFO  | restartedMain | o.a.c.c.StandardService >>>>> Starting service [Tomcat]
2024-06-13 21:38:26.172 | INFO  | restartedMain | o.a.c.c.StandardEngine >>>>> Starting Servlet engine: [Apache Tomcat/10.1.16]
2024-06-13 21:38:26.203 | INFO  | restartedMain | o.a.c.c.C.[.[.[/] >>>>> Initializing Spring embedded WebApplicationContext
2024-06-13 21:38:26.203 | INFO  | restartedMain | o.s.b.w.s.c.ServletWebServerApplicationContext >>>>> Root WebApplicationContext: initialization completed in 753 ms
2024-06-13 21:38:26.786 | INFO  | restartedMain | o.s.b.d.a.OptionalLiveReloadServer >>>>> LiveReload server is running on port 35729
2024-06-13 21:38:26.788 | INFO  | restartedMain | o.s.b.a.e.w.EndpointLinksResolver >>>>> Exposing 1 endpoint(s) beneath base path '/actuator'
2024-06-13 21:38:26.815 | INFO  | restartedMain | o.a.c.h.Http11NioProtocol >>>>> Starting ProtocolHandler ["http-nio-9191"]
2024-06-13 21:38:26.828 | INFO  | restartedMain | o.s.b.w.e.t.TomcatWebServer >>>>> Tomcat started on port 9191 (http) with context path ''
2024-06-13 21:38:26.837 | INFO  | restartedMain | c.e.m.MemberApplication >>>>> Started MemberApplication in 1.616 seconds (process running for 2.193)
2024-06-13 21:38:27.289 | INFO  | RMI TCP Connection(2)-192.168.31.173 | o.a.c.c.C.[.[.[/] >>>>> Initializing Spring DispatcherServlet 'dispatcherServlet'
2024-06-13 21:38:27.289 | INFO  | RMI TCP Connection(2)-192.168.31.173 | o.s.w.s.DispatcherServlet >>>>> Initializing Servlet 'dispatcherServlet'
2024-06-13 21:38:27.291 | INFO  | RMI TCP Connection(2)-192.168.31.173 | o.s.w.s.DispatcherServlet >>>>> Completed initialization in 2 ms
2024-06-13 21:38:27.328 | INFO  | RMI TCP Connection(1)-192.168.31.173 | c.a.d.p.DruidDataSource >>>>> {dataSource-1} inited
2024-06-13 21:38:27.958 | INFO  | http-nio-9191-exec-5 | o.s.a.AbstractOpenApiResource >>>>> Init duration for springdoc-openapi is: 104 ms
2024-06-13 21:43:06.185 | INFO  | SpringApplicationShutdownHook | c.a.d.p.DruidDataSource >>>>> {dataSource-1} closing ...
2024-06-13 21:43:06.188 | INFO  | SpringApplicationShutdownHook | c.a.d.p.DruidDataSource >>>>> {dataSource-1} closed
2024-06-13 21:43:08.444 | INFO  | restartedMain | c.e.m.MemberApplication >>>>> Starting MemberApplication using Java 17.0.9 with PID 5112 (D:\GithubProjects\SpringCloud\E-Commerce-Center\member-service-provider-10000\target\classes started by 30218 in D:\GithubProjects\SpringCloud)
2024-06-13 21:43:08.449 | INFO  | restartedMain | c.e.m.MemberApplication >>>>> No active profile set, falling back to 1 default profile: "default"
2024-06-13 21:43:08.468 | INFO  | restartedMain | o.s.b.d.e.DevToolsPropertyDefaultsPostProcessor >>>>> Devtools property defaults active! Set 'spring.devtools.add-properties' to 'false' to disable
2024-06-13 21:43:08.468 | INFO  | restartedMain | o.s.b.d.e.DevToolsPropertyDefaultsPostProcessor >>>>> For additional web related logging consider setting the 'logging.level.web' property to 'DEBUG'
2024-06-13 21:43:09.160 | INFO  | restartedMain | o.s.b.w.e.t.TomcatWebServer >>>>> Tomcat initialized with port 9191 (http)
2024-06-13 21:43:09.165 | INFO  | restartedMain | o.a.c.h.Http11NioProtocol >>>>> Initializing ProtocolHandler ["http-nio-9191"]
2024-06-13 21:43:09.166 | INFO  | restartedMain | o.a.c.c.StandardService >>>>> Starting service [Tomcat]
2024-06-13 21:43:09.166 | INFO  | restartedMain | o.a.c.c.StandardEngine >>>>> Starting Servlet engine: [Apache Tomcat/10.1.16]
2024-06-13 21:43:09.193 | INFO  | restartedMain | o.a.c.c.C.[.[.[/] >>>>> Initializing Spring embedded WebApplicationContext
2024-06-13 21:43:09.193 | INFO  | restartedMain | o.s.b.w.s.c.ServletWebServerApplicationContext >>>>> Root WebApplicationContext: initialization completed in 724 ms
2024-06-13 21:43:09.738 | INFO  | restartedMain | o.s.b.d.a.OptionalLiveReloadServer >>>>> LiveReload server is running on port 35729
2024-06-13 21:43:09.740 | INFO  | restartedMain | o.s.b.a.e.w.EndpointLinksResolver >>>>> Exposing 1 endpoint(s) beneath base path '/actuator'
2024-06-13 21:43:09.766 | INFO  | restartedMain | o.a.c.h.Http11NioProtocol >>>>> Starting ProtocolHandler ["http-nio-9191"]
2024-06-13 21:43:09.777 | INFO  | restartedMain | o.s.b.w.e.t.TomcatWebServer >>>>> Tomcat started on port 9191 (http) with context path ''
2024-06-13 21:43:09.786 | INFO  | restartedMain | c.e.m.MemberApplication >>>>> Started MemberApplication in 1.537 seconds (process running for 2.109)
2024-06-13 21:43:10.297 | INFO  | RMI TCP Connection(1)-192.168.31.173 | o.a.c.c.C.[.[.[/] >>>>> Initializing Spring DispatcherServlet 'dispatcherServlet'
2024-06-13 21:43:10.297 | INFO  | RMI TCP Connection(1)-192.168.31.173 | o.s.w.s.DispatcherServlet >>>>> Initializing Servlet 'dispatcherServlet'
2024-06-13 21:43:10.299 | INFO  | RMI TCP Connection(1)-192.168.31.173 | o.s.w.s.DispatcherServlet >>>>> Completed initialization in 2 ms
2024-06-13 21:43:10.337 | INFO  | RMI TCP Connection(2)-192.168.31.173 | c.a.d.p.DruidDataSource >>>>> {dataSource-1} inited
2024-06-13 21:43:12.367 | INFO  | http-nio-9191-exec-2 | o.s.a.AbstractOpenApiResource >>>>> Init duration for springdoc-openapi is: 97 ms
2024-06-13 21:50:59.324 | INFO  | SpringApplicationShutdownHook | c.a.d.p.DruidDataSource >>>>> {dataSource-1} closing ...
2024-06-13 21:50:59.327 | INFO  | SpringApplicationShutdownHook | c.a.d.p.DruidDataSource >>>>> {dataSource-1} closed
2024-06-13 21:51:01.674 | INFO  | restartedMain | c.e.m.MemberApplication >>>>> Starting MemberApplication using Java 17.0.9 with PID 15712 (D:\GithubProjects\SpringCloud\E-Commerce-Center\member-service-provider-10000\target\classes started by 30218 in D:\GithubProjects\SpringCloud)
2024-06-13 21:51:01.679 | INFO  | restartedMain | c.e.m.MemberApplication >>>>> No active profile set, falling back to 1 default profile: "default"
2024-06-13 21:51:01.698 | INFO  | restartedMain | o.s.b.d.e.DevToolsPropertyDefaultsPostProcessor >>>>> Devtools property defaults active! Set 'spring.devtools.add-properties' to 'false' to disable
2024-06-13 21:51:01.699 | INFO  | restartedMain | o.s.b.d.e.DevToolsPropertyDefaultsPostProcessor >>>>> For additional web related logging consider setting the 'logging.level.web' property to 'DEBUG'
2024-06-13 21:51:02.397 | INFO  | restartedMain | o.s.b.w.e.t.TomcatWebServer >>>>> Tomcat initialized with port 9191 (http)
2024-06-13 21:51:02.403 | INFO  | restartedMain | o.a.c.h.Http11NioProtocol >>>>> Initializing ProtocolHandler ["http-nio-9191"]
2024-06-13 21:51:02.404 | INFO  | restartedMain | o.a.c.c.StandardService >>>>> Starting service [Tomcat]
2024-06-13 21:51:02.404 | INFO  | restartedMain | o.a.c.c.StandardEngine >>>>> Starting Servlet engine: [Apache Tomcat/10.1.16]
2024-06-13 21:51:02.430 | INFO  | restartedMain | o.a.c.c.C.[.[.[/] >>>>> Initializing Spring embedded WebApplicationContext
2024-06-13 21:51:02.430 | INFO  | restartedMain | o.s.b.w.s.c.ServletWebServerApplicationContext >>>>> Root WebApplicationContext: initialization completed in 731 ms
2024-06-13 21:51:02.973 | INFO  | restartedMain | o.s.b.d.a.OptionalLiveReloadServer >>>>> LiveReload server is running on port 35729
2024-06-13 21:51:02.975 | INFO  | restartedMain | o.s.b.a.e.w.EndpointLinksResolver >>>>> Exposing 1 endpoint(s) beneath base path '/actuator'
2024-06-13 21:51:03.000 | INFO  | restartedMain | o.a.c.h.Http11NioProtocol >>>>> Starting ProtocolHandler ["http-nio-9191"]
2024-06-13 21:51:03.012 | INFO  | restartedMain | o.s.b.w.e.t.TomcatWebServer >>>>> Tomcat started on port 9191 (http) with context path ''
2024-06-13 21:51:03.020 | INFO  | restartedMain | c.e.m.MemberApplication >>>>> Started MemberApplication in 1.542 seconds (process running for 2.112)
2024-06-13 21:51:03.531 | INFO  | RMI TCP Connection(1)-192.168.31.173 | o.a.c.c.C.[.[.[/] >>>>> Initializing Spring DispatcherServlet 'dispatcherServlet'
2024-06-13 21:51:03.531 | INFO  | RMI TCP Connection(1)-192.168.31.173 | o.s.w.s.DispatcherServlet >>>>> Initializing Servlet 'dispatcherServlet'
2024-06-13 21:51:03.532 | INFO  | RMI TCP Connection(1)-192.168.31.173 | o.s.w.s.DispatcherServlet >>>>> Completed initialization in 1 ms
2024-06-13 21:51:03.564 | INFO  | RMI TCP Connection(2)-192.168.31.173 | c.a.d.p.DruidDataSource >>>>> {dataSource-1} inited
2024-06-13 21:51:48.793 | INFO  | SpringApplicationShutdownHook | c.a.d.p.DruidDataSource >>>>> {dataSource-1} closing ...
2024-06-13 21:51:48.794 | INFO  | SpringApplicationShutdownHook | c.a.d.p.DruidDataSource >>>>> {dataSource-1} closed
2024-06-13 21:51:50.982 | INFO  | restartedMain | c.e.m.MemberApplication >>>>> Starting MemberApplication using Java 17.0.9 with PID 15652 (D:\GithubProjects\SpringCloud\E-Commerce-Center\member-service-provider-10000\target\classes started by 30218 in D:\GithubProjects\SpringCloud)
2024-06-13 21:51:50.987 | INFO  | restartedMain | c.e.m.MemberApplication >>>>> No active profile set, falling back to 1 default profile: "default"
2024-06-13 21:51:51.008 | INFO  | restartedMain | o.s.b.d.e.DevToolsPropertyDefaultsPostProcessor >>>>> Devtools property defaults active! Set 'spring.devtools.add-properties' to 'false' to disable
2024-06-13 21:51:51.009 | INFO  | restartedMain | o.s.b.d.e.DevToolsPropertyDefaultsPostProcessor >>>>> For additional web related logging consider setting the 'logging.level.web' property to 'DEBUG'
2024-06-13 21:51:51.722 | INFO  | restartedMain | o.s.b.w.e.t.TomcatWebServer >>>>> Tomcat initialized with port 9191 (http)
2024-06-13 21:51:51.727 | INFO  | restartedMain | o.a.c.h.Http11NioProtocol >>>>> Initializing ProtocolHandler ["http-nio-9191"]
2024-06-13 21:51:51.728 | INFO  | restartedMain | o.a.c.c.StandardService >>>>> Starting service [Tomcat]
2024-06-13 21:51:51.729 | INFO  | restartedMain | o.a.c.c.StandardEngine >>>>> Starting Servlet engine: [Apache Tomcat/10.1.16]
2024-06-13 21:51:51.755 | INFO  | restartedMain | o.a.c.c.C.[.[.[/] >>>>> Initializing Spring embedded WebApplicationContext
2024-06-13 21:51:51.755 | INFO  | restartedMain | o.s.b.w.s.c.ServletWebServerApplicationContext >>>>> Root WebApplicationContext: initialization completed in 746 ms
2024-06-13 21:51:52.314 | INFO  | restartedMain | o.s.b.d.a.OptionalLiveReloadServer >>>>> LiveReload server is running on port 35729
2024-06-13 21:51:52.316 | INFO  | restartedMain | o.s.b.a.e.w.EndpointLinksResolver >>>>> Exposing 1 endpoint(s) beneath base path '/actuator'
2024-06-13 21:51:52.341 | INFO  | restartedMain | o.a.c.h.Http11NioProtocol >>>>> Starting ProtocolHandler ["http-nio-9191"]
2024-06-13 21:51:52.352 | INFO  | restartedMain | o.s.b.w.e.t.TomcatWebServer >>>>> Tomcat started on port 9191 (http) with context path ''
2024-06-13 21:51:52.361 | INFO  | restartedMain | c.e.m.MemberApplication >>>>> Started MemberApplication in 1.58 seconds (process running for 2.143)
2024-06-13 21:51:52.848 | INFO  | RMI TCP Connection(1)-192.168.31.173 | o.a.c.c.C.[.[.[/] >>>>> Initializing Spring DispatcherServlet 'dispatcherServlet'
2024-06-13 21:51:52.848 | INFO  | RMI TCP Connection(1)-192.168.31.173 | o.s.w.s.DispatcherServlet >>>>> Initializing Servlet 'dispatcherServlet'
2024-06-13 21:51:52.849 | INFO  | RMI TCP Connection(1)-192.168.31.173 | o.s.w.s.DispatcherServlet >>>>> Completed initialization in 0 ms
2024-06-13 21:51:52.879 | INFO  | RMI TCP Connection(2)-192.168.31.173 | c.a.d.p.DruidDataSource >>>>> {dataSource-1} inited
2024-06-13 21:52:09.671 | INFO  | http-nio-9191-exec-6 | o.s.a.AbstractOpenApiResource >>>>> Init duration for springdoc-openapi is: 96 ms
2024-06-13 21:55:53.442 | INFO  | SpringApplicationShutdownHook | c.a.d.p.DruidDataSource >>>>> {dataSource-1} closing ...
2024-06-13 21:55:53.445 | INFO  | SpringApplicationShutdownHook | c.a.d.p.DruidDataSource >>>>> {dataSource-1} closed
2024-06-13 21:55:55.665 | INFO  | restartedMain | c.e.m.MemberApplication >>>>> Starting MemberApplication using Java 17.0.9 with PID 14064 (D:\GithubProjects\SpringCloud\E-Commerce-Center\member-service-provider-10000\target\classes started by 30218 in D:\GithubProjects\SpringCloud)
2024-06-13 21:55:55.670 | INFO  | restartedMain | c.e.m.MemberApplication >>>>> No active profile set, falling back to 1 default profile: "default"
2024-06-13 21:55:55.690 | INFO  | restartedMain | o.s.b.d.e.DevToolsPropertyDefaultsPostProcessor >>>>> Devtools property defaults active! Set 'spring.devtools.add-properties' to 'false' to disable
2024-06-13 21:55:55.690 | INFO  | restartedMain | o.s.b.d.e.DevToolsPropertyDefaultsPostProcessor >>>>> For additional web related logging consider setting the 'logging.level.web' property to 'DEBUG'
2024-06-13 21:55:56.386 | INFO  | restartedMain | o.s.b.w.e.t.TomcatWebServer >>>>> Tomcat initialized with port 9191 (http)
2024-06-13 21:55:56.392 | INFO  | restartedMain | o.a.c.h.Http11NioProtocol >>>>> Initializing ProtocolHandler ["http-nio-9191"]
2024-06-13 21:55:56.393 | INFO  | restartedMain | o.a.c.c.StandardService >>>>> Starting service [Tomcat]
2024-06-13 21:55:56.393 | INFO  | restartedMain | o.a.c.c.StandardEngine >>>>> Starting Servlet engine: [Apache Tomcat/10.1.16]
2024-06-13 21:55:56.421 | INFO  | restartedMain | o.a.c.c.C.[.[.[/] >>>>> Initializing Spring embedded WebApplicationContext
2024-06-13 21:55:56.421 | INFO  | restartedMain | o.s.b.w.s.c.ServletWebServerApplicationContext >>>>> Root WebApplicationContext: initialization completed in 730 ms
2024-06-13 21:55:56.981 | INFO  | restartedMain | o.s.b.d.a.OptionalLiveReloadServer >>>>> LiveReload server is running on port 35729
2024-06-13 21:55:56.983 | INFO  | restartedMain | o.s.b.a.e.w.EndpointLinksResolver >>>>> Exposing 1 endpoint(s) beneath base path '/actuator'
2024-06-13 21:55:57.010 | INFO  | restartedMain | o.a.c.h.Http11NioProtocol >>>>> Starting ProtocolHandler ["http-nio-9191"]
2024-06-13 21:55:57.022 | INFO  | restartedMain | o.s.b.w.e.t.TomcatWebServer >>>>> Tomcat started on port 9191 (http) with context path ''
2024-06-13 21:55:57.031 | INFO  | restartedMain | c.e.m.MemberApplication >>>>> Started MemberApplication in 1.568 seconds (process running for 2.143)
2024-06-13 21:55:57.521 | INFO  | RMI TCP Connection(2)-192.168.31.173 | o.a.c.c.C.[.[.[/] >>>>> Initializing Spring DispatcherServlet 'dispatcherServlet'
2024-06-13 21:55:57.521 | INFO  | RMI TCP Connection(2)-192.168.31.173 | o.s.w.s.DispatcherServlet >>>>> Initializing Servlet 'dispatcherServlet'
2024-06-13 21:55:57.522 | INFO  | RMI TCP Connection(2)-192.168.31.173 | o.s.w.s.DispatcherServlet >>>>> Completed initialization in 1 ms
2024-06-13 21:55:57.559 | INFO  | RMI TCP Connection(3)-192.168.31.173 | c.a.d.p.DruidDataSource >>>>> {dataSource-1} inited
2024-06-13 21:55:59.570 | WARN  | http-nio-9191-exec-4 | o.s.w.s.m.m.a.ExceptionHandlerExceptionResolver >>>>> Resolved [org.springframework.web.servlet.resource.NoResourceFoundException: No static resource favicon.ico.]
2024-06-13 21:55:59.678 | INFO  | http-nio-9191-exec-5 | o.s.a.AbstractOpenApiResource >>>>> Init duration for springdoc-openapi is: 99 ms
2024-06-13 21:58:03.867 | INFO  | SpringApplicationShutdownHook | c.a.d.p.DruidDataSource >>>>> {dataSource-1} closing ...
2024-06-13 21:58:03.869 | INFO  | SpringApplicationShutdownHook | c.a.d.p.DruidDataSource >>>>> {dataSource-1} closed
2024-06-13 21:58:06.112 | INFO  | restartedMain | c.e.m.MemberApplication >>>>> Starting MemberApplication using Java 17.0.9 with PID 13940 (D:\GithubProjects\SpringCloud\E-Commerce-Center\member-service-provider-10000\target\classes started by 30218 in D:\GithubProjects\SpringCloud)
2024-06-13 21:58:06.116 | INFO  | restartedMain | c.e.m.MemberApplication >>>>> No active profile set, falling back to 1 default profile: "default"
2024-06-13 21:58:06.137 | INFO  | restartedMain | o.s.b.d.e.DevToolsPropertyDefaultsPostProcessor >>>>> Devtools property defaults active! Set 'spring.devtools.add-properties' to 'false' to disable
2024-06-13 21:58:06.138 | INFO  | restartedMain | o.s.b.d.e.DevToolsPropertyDefaultsPostProcessor >>>>> For additional web related logging consider setting the 'logging.level.web' property to 'DEBUG'
2024-06-13 21:58:06.858 | INFO  | restartedMain | o.s.b.w.e.t.TomcatWebServer >>>>> Tomcat initialized with port 9191 (http)
2024-06-13 21:58:06.863 | INFO  | restartedMain | o.a.c.h.Http11NioProtocol >>>>> Initializing ProtocolHandler ["http-nio-9191"]
2024-06-13 21:58:06.864 | INFO  | restartedMain | o.a.c.c.StandardService >>>>> Starting service [Tomcat]
2024-06-13 21:58:06.865 | INFO  | restartedMain | o.a.c.c.StandardEngine >>>>> Starting Servlet engine: [Apache Tomcat/10.1.16]
2024-06-13 21:58:06.894 | INFO  | restartedMain | o.a.c.c.C.[.[.[/] >>>>> Initializing Spring embedded WebApplicationContext
2024-06-13 21:58:06.894 | INFO  | restartedMain | o.s.b.w.s.c.ServletWebServerApplicationContext >>>>> Root WebApplicationContext: initialization completed in 756 ms
2024-06-13 21:58:07.460 | INFO  | restartedMain | o.s.b.d.a.OptionalLiveReloadServer >>>>> LiveReload server is running on port 35729
2024-06-13 21:58:07.463 | INFO  | restartedMain | o.s.b.a.e.w.EndpointLinksResolver >>>>> Exposing 1 endpoint(s) beneath base path '/actuator'
2024-06-13 21:58:07.491 | INFO  | restartedMain | o.a.c.h.Http11NioProtocol >>>>> Starting ProtocolHandler ["http-nio-9191"]
2024-06-13 21:58:07.503 | INFO  | restartedMain | o.s.b.w.e.t.TomcatWebServer >>>>> Tomcat started on port 9191 (http) with context path ''
2024-06-13 21:58:07.512 | INFO  | restartedMain | c.e.m.MemberApplication >>>>> Started MemberApplication in 1.605 seconds (process running for 2.183)
2024-06-13 21:58:07.963 | INFO  | RMI TCP Connection(2)-192.168.31.173 | o.a.c.c.C.[.[.[/] >>>>> Initializing Spring DispatcherServlet 'dispatcherServlet'
2024-06-13 21:58:07.963 | INFO  | RMI TCP Connection(2)-192.168.31.173 | o.s.w.s.DispatcherServlet >>>>> Initializing Servlet 'dispatcherServlet'
2024-06-13 21:58:07.964 | INFO  | RMI TCP Connection(2)-192.168.31.173 | o.s.w.s.DispatcherServlet >>>>> Completed initialization in 1 ms
2024-06-13 21:58:07.996 | INFO  | RMI TCP Connection(1)-192.168.31.173 | c.a.d.p.DruidDataSource >>>>> {dataSource-1} inited
2024-06-13 21:58:25.412 | INFO  | SpringApplicationShutdownHook | c.a.d.p.DruidDataSource >>>>> {dataSource-1} closing ...
2024-06-13 21:58:25.415 | INFO  | SpringApplicationShutdownHook | c.a.d.p.DruidDataSource >>>>> {dataSource-1} closed
2024-06-13 21:58:27.651 | INFO  | restartedMain | c.e.m.MemberApplication >>>>> Starting MemberApplication using Java 17.0.9 with PID 12996 (D:\GithubProjects\SpringCloud\E-Commerce-Center\member-service-provider-10000\target\classes started by 30218 in D:\GithubProjects\SpringCloud)
2024-06-13 21:58:27.656 | INFO  | restartedMain | c.e.m.MemberApplication >>>>> No active profile set, falling back to 1 default profile: "default"
2024-06-13 21:58:27.678 | INFO  | restartedMain | o.s.b.d.e.DevToolsPropertyDefaultsPostProcessor >>>>> Devtools property defaults active! Set 'spring.devtools.add-properties' to 'false' to disable
2024-06-13 21:58:27.678 | INFO  | restartedMain | o.s.b.d.e.DevToolsPropertyDefaultsPostProcessor >>>>> For additional web related logging consider setting the 'logging.level.web' property to 'DEBUG'
2024-06-13 21:58:28.435 | INFO  | restartedMain | o.s.b.w.e.t.TomcatWebServer >>>>> Tomcat initialized with port 9191 (http)
2024-06-13 21:58:28.441 | INFO  | restartedMain | o.a.c.h.Http11NioProtocol >>>>> Initializing ProtocolHandler ["http-nio-9191"]
2024-06-13 21:58:28.442 | INFO  | restartedMain | o.a.c.c.StandardService >>>>> Starting service [Tomcat]
2024-06-13 21:58:28.442 | INFO  | restartedMain | o.a.c.c.StandardEngine >>>>> Starting Servlet engine: [Apache Tomcat/10.1.16]
2024-06-13 21:58:28.470 | INFO  | restartedMain | o.a.c.c.C.[.[.[/] >>>>> Initializing Spring embedded WebApplicationContext
2024-06-13 21:58:28.470 | INFO  | restartedMain | o.s.b.w.s.c.ServletWebServerApplicationContext >>>>> Root WebApplicationContext: initialization completed in 791 ms
2024-06-13 21:58:29.067 | INFO  | restartedMain | o.s.b.d.a.OptionalLiveReloadServer >>>>> LiveReload server is running on port 35729
2024-06-13 21:58:29.069 | INFO  | restartedMain | o.s.b.a.e.w.EndpointLinksResolver >>>>> Exposing 1 endpoint(s) beneath base path '/actuator'
2024-06-13 21:58:29.096 | INFO  | restartedMain | o.a.c.h.Http11NioProtocol >>>>> Starting ProtocolHandler ["http-nio-9191"]
2024-06-13 21:58:29.109 | INFO  | restartedMain | o.s.b.w.e.t.TomcatWebServer >>>>> Tomcat started on port 9191 (http) with context path ''
2024-06-13 21:58:29.118 | INFO  | restartedMain | c.e.m.MemberApplication >>>>> Started MemberApplication in 1.674 seconds (process running for 2.264)
2024-06-13 21:58:29.481 | INFO  | RMI TCP Connection(2)-192.168.31.173 | o.a.c.c.C.[.[.[/] >>>>> Initializing Spring DispatcherServlet 'dispatcherServlet'
2024-06-13 21:58:29.481 | INFO  | RMI TCP Connection(2)-192.168.31.173 | o.s.w.s.DispatcherServlet >>>>> Initializing Servlet 'dispatcherServlet'
2024-06-13 21:58:29.483 | INFO  | RMI TCP Connection(2)-192.168.31.173 | o.s.w.s.DispatcherServlet >>>>> Completed initialization in 1 ms
2024-06-13 21:58:29.520 | INFO  | RMI TCP Connection(1)-192.168.31.173 | c.a.d.p.DruidDataSource >>>>> {dataSource-1} inited
2024-06-13 21:58:29.969 | INFO  | http-nio-9191-exec-5 | o.s.a.AbstractOpenApiResource >>>>> Init duration for springdoc-openapi is: 92 ms
2024-06-13 21:59:04.035 | INFO  | SpringApplicationShutdownHook | c.a.d.p.DruidDataSource >>>>> {dataSource-1} closing ...
2024-06-13 21:59:04.035 | INFO  | SpringApplicationShutdownHook | c.a.d.p.DruidDataSource >>>>> {dataSource-1} closed
2024-06-13 21:59:06.135 | INFO  | restartedMain | c.e.m.MemberApplication >>>>> Starting MemberApplication using Java 17.0.9 with PID 20560 (D:\GithubProjects\SpringCloud\E-Commerce-Center\member-service-provider-10000\target\classes started by 30218 in D:\GithubProjects\SpringCloud)
2024-06-13 21:59:06.138 | INFO  | restartedMain | c.e.m.MemberApplication >>>>> No active profile set, falling back to 1 default profile: "default"
2024-06-13 21:59:06.155 | INFO  | restartedMain | o.s.b.d.e.DevToolsPropertyDefaultsPostProcessor >>>>> Devtools property defaults active! Set 'spring.devtools.add-properties' to 'false' to disable
2024-06-13 21:59:06.155 | INFO  | restartedMain | o.s.b.d.e.DevToolsPropertyDefaultsPostProcessor >>>>> For additional web related logging consider setting the 'logging.level.web' property to 'DEBUG'
2024-06-13 21:59:06.865 | INFO  | restartedMain | o.s.b.w.e.t.TomcatWebServer >>>>> Tomcat initialized with port 9191 (http)
2024-06-13 21:59:06.870 | INFO  | restartedMain | o.a.c.h.Http11NioProtocol >>>>> Initializing ProtocolHandler ["http-nio-9191"]
2024-06-13 21:59:06.871 | INFO  | restartedMain | o.a.c.c.StandardService >>>>> Starting service [Tomcat]
2024-06-13 21:59:06.872 | INFO  | restartedMain | o.a.c.c.StandardEngine >>>>> Starting Servlet engine: [Apache Tomcat/10.1.16]
2024-06-13 21:59:06.900 | INFO  | restartedMain | o.a.c.c.C.[.[.[/] >>>>> Initializing Spring embedded WebApplicationContext
2024-06-13 21:59:06.901 | INFO  | restartedMain | o.s.b.w.s.c.ServletWebServerApplicationContext >>>>> Root WebApplicationContext: initialization completed in 746 ms
2024-06-13 21:59:07.445 | INFO  | restartedMain | o.s.b.d.a.OptionalLiveReloadServer >>>>> LiveReload server is running on port 35729
2024-06-13 21:59:07.447 | INFO  | restartedMain | o.s.b.a.e.w.EndpointLinksResolver >>>>> Exposing 1 endpoint(s) beneath base path '/actuator'
2024-06-13 21:59:07.473 | INFO  | restartedMain | o.a.c.h.Http11NioProtocol >>>>> Starting ProtocolHandler ["http-nio-9191"]
2024-06-13 21:59:07.484 | INFO  | restartedMain | o.s.b.w.e.t.TomcatWebServer >>>>> Tomcat started on port 9191 (http) with context path ''
2024-06-13 21:59:07.493 | INFO  | restartedMain | c.e.m.MemberApplication >>>>> Started MemberApplication in 1.568 seconds (process running for 2.124)
2024-06-13 21:59:08.006 | INFO  | RMI TCP Connection(3)-192.168.31.173 | o.a.c.c.C.[.[.[/] >>>>> Initializing Spring DispatcherServlet 'dispatcherServlet'
2024-06-13 21:59:08.006 | INFO  | RMI TCP Connection(3)-192.168.31.173 | o.s.w.s.DispatcherServlet >>>>> Initializing Servlet 'dispatcherServlet'
2024-06-13 21:59:08.007 | INFO  | RMI TCP Connection(3)-192.168.31.173 | o.s.w.s.DispatcherServlet >>>>> Completed initialization in 1 ms
2024-06-13 21:59:08.039 | INFO  | RMI TCP Connection(2)-192.168.31.173 | c.a.d.p.DruidDataSource >>>>> {dataSource-1} inited
2024-06-13 21:59:14.243 | INFO  | http-nio-9191-exec-6 | o.s.a.AbstractOpenApiResource >>>>> Init duration for springdoc-openapi is: 98 ms
2024-06-13 22:01:00.715 | WARN  | http-nio-9191-exec-8 | o.s.w.s.m.m.a.ExceptionHandlerExceptionResolver >>>>> Resolved [org.springframework.web.HttpRequestMethodNotSupportedException: Request method 'GET' is not supported]
2024-06-13 22:01:18.609 | INFO  | SpringApplicationShutdownHook | c.a.d.p.DruidDataSource >>>>> {dataSource-1} closing ...
2024-06-13 22:01:18.609 | INFO  | SpringApplicationShutdownHook | c.a.d.p.DruidDataSource >>>>> {dataSource-1} closed
2024-06-13 22:01:20.884 | INFO  | restartedMain | c.e.m.MemberApplication >>>>> Starting MemberApplication using Java 17.0.9 with PID 16044 (D:\GithubProjects\SpringCloud\E-Commerce-Center\member-service-provider-10000\target\classes started by 30218 in D:\GithubProjects\SpringCloud)
2024-06-13 22:01:20.889 | INFO  | restartedMain | c.e.m.MemberApplication >>>>> No active profile set, falling back to 1 default profile: "default"
2024-06-13 22:01:20.909 | INFO  | restartedMain | o.s.b.d.e.DevToolsPropertyDefaultsPostProcessor >>>>> Devtools property defaults active! Set 'spring.devtools.add-properties' to 'false' to disable
2024-06-13 22:01:20.909 | INFO  | restartedMain | o.s.b.d.e.DevToolsPropertyDefaultsPostProcessor >>>>> For additional web related logging consider setting the 'logging.level.web' property to 'DEBUG'
2024-06-13 22:01:21.618 | INFO  | restartedMain | o.s.b.w.e.t.TomcatWebServer >>>>> Tomcat initialized with port 9191 (http)
2024-06-13 22:01:21.624 | INFO  | restartedMain | o.a.c.h.Http11NioProtocol >>>>> Initializing ProtocolHandler ["http-nio-9191"]
2024-06-13 22:01:21.625 | INFO  | restartedMain | o.a.c.c.StandardService >>>>> Starting service [Tomcat]
2024-06-13 22:01:21.625 | INFO  | restartedMain | o.a.c.c.StandardEngine >>>>> Starting Servlet engine: [Apache Tomcat/10.1.16]
2024-06-13 22:01:21.656 | INFO  | restartedMain | o.a.c.c.C.[.[.[/] >>>>> Initializing Spring embedded WebApplicationContext
2024-06-13 22:01:21.656 | INFO  | restartedMain | o.s.b.w.s.c.ServletWebServerApplicationContext >>>>> Root WebApplicationContext: initialization completed in 747 ms
2024-06-13 22:01:22.238 | INFO  | restartedMain | o.s.b.d.a.OptionalLiveReloadServer >>>>> LiveReload server is running on port 35729
2024-06-13 22:01:22.240 | INFO  | restartedMain | o.s.b.a.e.w.EndpointLinksResolver >>>>> Exposing 1 endpoint(s) beneath base path '/actuator'
2024-06-13 22:01:22.267 | INFO  | restartedMain | o.a.c.h.Http11NioProtocol >>>>> Starting ProtocolHandler ["http-nio-9191"]
2024-06-13 22:01:22.279 | INFO  | restartedMain | o.s.b.w.e.t.TomcatWebServer >>>>> Tomcat started on port 9191 (http) with context path ''
2024-06-13 22:01:22.288 | INFO  | restartedMain | c.e.m.MemberApplication >>>>> Started MemberApplication in 1.609 seconds (process running for 2.193)
2024-06-13 22:01:22.727 | INFO  | RMI TCP Connection(2)-192.168.31.173 | o.a.c.c.C.[.[.[/] >>>>> Initializing Spring DispatcherServlet 'dispatcherServlet'
2024-06-13 22:01:22.727 | INFO  | RMI TCP Connection(2)-192.168.31.173 | o.s.w.s.DispatcherServlet >>>>> Initializing Servlet 'dispatcherServlet'
2024-06-13 22:01:22.728 | INFO  | RMI TCP Connection(2)-192.168.31.173 | o.s.w.s.DispatcherServlet >>>>> Completed initialization in 1 ms
2024-06-13 22:01:22.757 | INFO  | RMI TCP Connection(1)-192.168.31.173 | c.a.d.p.DruidDataSource >>>>> {dataSource-1} inited
2024-06-13 22:01:29.817 | INFO  | http-nio-9191-exec-3 | o.s.a.AbstractOpenApiResource >>>>> Init duration for springdoc-openapi is: 95 ms
2024-06-13 22:02:53.710 | INFO  | SpringApplicationShutdownHook | c.a.d.p.DruidDataSource >>>>> {dataSource-1} closing ...
2024-06-13 22:02:53.712 | INFO  | SpringApplicationShutdownHook | c.a.d.p.DruidDataSource >>>>> {dataSource-1} closed
2024-06-13 22:02:55.951 | INFO  | restartedMain | c.e.m.MemberApplication >>>>> Starting MemberApplication using Java 17.0.9 with PID 1656 (D:\GithubProjects\SpringCloud\E-Commerce-Center\member-service-provider-10000\target\classes started by 30218 in D:\GithubProjects\SpringCloud)
2024-06-13 22:02:55.955 | INFO  | restartedMain | c.e.m.MemberApplication >>>>> No active profile set, falling back to 1 default profile: "default"
2024-06-13 22:02:55.975 | INFO  | restartedMain | o.s.b.d.e.DevToolsPropertyDefaultsPostProcessor >>>>> Devtools property defaults active! Set 'spring.devtools.add-properties' to 'false' to disable
2024-06-13 22:02:55.976 | INFO  | restartedMain | o.s.b.d.e.DevToolsPropertyDefaultsPostProcessor >>>>> For additional web related logging consider setting the 'logging.level.web' property to 'DEBUG'
2024-06-13 22:02:56.686 | INFO  | restartedMain | o.s.b.w.e.t.TomcatWebServer >>>>> Tomcat initialized with port 9191 (http)
2024-06-13 22:02:56.692 | INFO  | restartedMain | o.a.c.h.Http11NioProtocol >>>>> Initializing ProtocolHandler ["http-nio-9191"]
2024-06-13 22:02:56.693 | INFO  | restartedMain | o.a.c.c.StandardService >>>>> Starting service [Tomcat]
2024-06-13 22:02:56.693 | INFO  | restartedMain | o.a.c.c.StandardEngine >>>>> Starting Servlet engine: [Apache Tomcat/10.1.16]
2024-06-13 22:02:56.721 | INFO  | restartedMain | o.a.c.c.C.[.[.[/] >>>>> Initializing Spring embedded WebApplicationContext
2024-06-13 22:02:56.721 | INFO  | restartedMain | o.s.b.w.s.c.ServletWebServerApplicationContext >>>>> Root WebApplicationContext: initialization completed in 745 ms
2024-06-13 22:02:57.280 | INFO  | restartedMain | o.s.b.d.a.OptionalLiveReloadServer >>>>> LiveReload server is running on port 35729
2024-06-13 22:02:57.282 | INFO  | restartedMain | o.s.b.a.e.w.EndpointLinksResolver >>>>> Exposing 1 endpoint(s) beneath base path '/actuator'
2024-06-13 22:02:57.308 | INFO  | restartedMain | o.a.c.h.Http11NioProtocol >>>>> Starting ProtocolHandler ["http-nio-9191"]
2024-06-13 22:02:57.319 | INFO  | restartedMain | o.s.b.w.e.t.TomcatWebServer >>>>> Tomcat started on port 9191 (http) with context path ''
2024-06-13 22:02:57.328 | INFO  | restartedMain | c.e.m.MemberApplication >>>>> Started MemberApplication in 1.589 seconds (process running for 2.169)
2024-06-13 22:02:57.791 | INFO  | RMI TCP Connection(4)-192.168.31.173 | o.a.c.c.C.[.[.[/] >>>>> Initializing Spring DispatcherServlet 'dispatcherServlet'
2024-06-13 22:02:57.792 | INFO  | RMI TCP Connection(4)-192.168.31.173 | o.s.w.s.DispatcherServlet >>>>> Initializing Servlet 'dispatcherServlet'
2024-06-13 22:02:57.793 | INFO  | RMI TCP Connection(4)-192.168.31.173 | o.s.w.s.DispatcherServlet >>>>> Completed initialization in 1 ms
2024-06-13 22:02:57.825 | INFO  | RMI TCP Connection(3)-192.168.31.173 | c.a.d.p.DruidDataSource >>>>> {dataSource-1} inited
2024-06-13 22:02:59.050 | INFO  | SpringApplicationShutdownHook | c.a.d.p.DruidDataSource >>>>> {dataSource-1} closing ...
2024-06-13 22:02:59.052 | INFO  | SpringApplicationShutdownHook | c.a.d.p.DruidDataSource >>>>> {dataSource-1} closed
2024-06-13 22:03:01.239 | INFO  | restartedMain | c.e.m.MemberApplication >>>>> Starting MemberApplication using Java 17.0.9 with PID 10748 (D:\GithubProjects\SpringCloud\E-Commerce-Center\member-service-provider-10000\target\classes started by 30218 in D:\GithubProjects\SpringCloud)
2024-06-13 22:03:01.244 | INFO  | restartedMain | c.e.m.MemberApplication >>>>> No active profile set, falling back to 1 default profile: "default"
2024-06-13 22:03:01.264 | INFO  | restartedMain | o.s.b.d.e.DevToolsPropertyDefaultsPostProcessor >>>>> Devtools property defaults active! Set 'spring.devtools.add-properties' to 'false' to disable
2024-06-13 22:03:01.264 | INFO  | restartedMain | o.s.b.d.e.DevToolsPropertyDefaultsPostProcessor >>>>> For additional web related logging consider setting the 'logging.level.web' property to 'DEBUG'
2024-06-13 22:03:01.989 | INFO  | restartedMain | o.s.b.w.e.t.TomcatWebServer >>>>> Tomcat initialized with port 9191 (http)
2024-06-13 22:03:01.995 | INFO  | restartedMain | o.a.c.h.Http11NioProtocol >>>>> Initializing ProtocolHandler ["http-nio-9191"]
2024-06-13 22:03:01.997 | INFO  | restartedMain | o.a.c.c.StandardService >>>>> Starting service [Tomcat]
2024-06-13 22:03:01.997 | INFO  | restartedMain | o.a.c.c.StandardEngine >>>>> Starting Servlet engine: [Apache Tomcat/10.1.16]
2024-06-13 22:03:02.028 | INFO  | restartedMain | o.a.c.c.C.[.[.[/] >>>>> Initializing Spring embedded WebApplicationContext
2024-06-13 22:03:02.029 | INFO  | restartedMain | o.s.b.w.s.c.ServletWebServerApplicationContext >>>>> Root WebApplicationContext: initialization completed in 764 ms
2024-06-13 22:03:02.610 | INFO  | restartedMain | o.s.b.d.a.OptionalLiveReloadServer >>>>> LiveReload server is running on port 35729
2024-06-13 22:03:02.613 | INFO  | restartedMain | o.s.b.a.e.w.EndpointLinksResolver >>>>> Exposing 1 endpoint(s) beneath base path '/actuator'
2024-06-13 22:03:02.640 | INFO  | restartedMain | o.a.c.h.Http11NioProtocol >>>>> Starting ProtocolHandler ["http-nio-9191"]
2024-06-13 22:03:02.652 | INFO  | restartedMain | o.s.b.w.e.t.TomcatWebServer >>>>> Tomcat started on port 9191 (http) with context path ''
2024-06-13 22:03:02.661 | INFO  | restartedMain | c.e.m.MemberApplication >>>>> Started MemberApplication in 1.621 seconds (process running for 2.186)
2024-06-13 22:03:03.104 | INFO  | RMI TCP Connection(1)-192.168.31.173 | o.a.c.c.C.[.[.[/] >>>>> Initializing Spring DispatcherServlet 'dispatcherServlet'
2024-06-13 22:03:03.105 | INFO  | RMI TCP Connection(1)-192.168.31.173 | o.s.w.s.DispatcherServlet >>>>> Initializing Servlet 'dispatcherServlet'
2024-06-13 22:03:03.106 | INFO  | RMI TCP Connection(1)-192.168.31.173 | o.s.w.s.DispatcherServlet >>>>> Completed initialization in 1 ms
2024-06-13 22:03:03.140 | INFO  | RMI TCP Connection(2)-192.168.31.173 | c.a.d.p.DruidDataSource >>>>> {dataSource-1} inited
2024-06-13 22:03:07.550 | WARN  | http-nio-9191-exec-2 | o.s.w.s.m.m.a.ExceptionHandlerExceptionResolver >>>>> Resolved [org.springframework.web.servlet.resource.NoResourceFoundException: No static resource favicon.ico.]
2024-06-13 22:03:07.660 | INFO  | http-nio-9191-exec-4 | o.s.a.AbstractOpenApiResource >>>>> Init duration for springdoc-openapi is: 109 ms
2024-06-13 22:03:29.646 | INFO  | SpringApplicationShutdownHook | c.a.d.p.DruidDataSource >>>>> {dataSource-1} closing ...
2024-06-13 22:03:29.648 | INFO  | SpringApplicationShutdownHook | c.a.d.p.DruidDataSource >>>>> {dataSource-1} closed
2024-06-13 22:03:31.829 | INFO  | restartedMain | c.e.m.MemberApplication >>>>> Starting MemberApplication using Java 17.0.9 with PID 12512 (D:\GithubProjects\SpringCloud\E-Commerce-Center\member-service-provider-10000\target\classes started by 30218 in D:\GithubProjects\SpringCloud)
2024-06-13 22:03:31.834 | INFO  | restartedMain | c.e.m.MemberApplication >>>>> No active profile set, falling back to 1 default profile: "default"
2024-06-13 22:03:31.854 | INFO  | restartedMain | o.s.b.d.e.DevToolsPropertyDefaultsPostProcessor >>>>> Devtools property defaults active! Set 'spring.devtools.add-properties' to 'false' to disable
2024-06-13 22:03:31.855 | INFO  | restartedMain | o.s.b.d.e.DevToolsPropertyDefaultsPostProcessor >>>>> For additional web related logging consider setting the 'logging.level.web' property to 'DEBUG'
2024-06-13 22:03:32.552 | INFO  | restartedMain | o.s.b.w.e.t.TomcatWebServer >>>>> Tomcat initialized with port 9191 (http)
2024-06-13 22:03:32.558 | INFO  | restartedMain | o.a.c.h.Http11NioProtocol >>>>> Initializing ProtocolHandler ["http-nio-9191"]
2024-06-13 22:03:32.559 | INFO  | restartedMain | o.a.c.c.StandardService >>>>> Starting service [Tomcat]
2024-06-13 22:03:32.559 | INFO  | restartedMain | o.a.c.c.StandardEngine >>>>> Starting Servlet engine: [Apache Tomcat/10.1.16]
2024-06-13 22:03:32.586 | INFO  | restartedMain | o.a.c.c.C.[.[.[/] >>>>> Initializing Spring embedded WebApplicationContext
2024-06-13 22:03:32.586 | INFO  | restartedMain | o.s.b.w.s.c.ServletWebServerApplicationContext >>>>> Root WebApplicationContext: initialization completed in 731 ms
2024-06-13 22:03:33.135 | INFO  | restartedMain | o.s.b.d.a.OptionalLiveReloadServer >>>>> LiveReload server is running on port 35729
2024-06-13 22:03:33.137 | INFO  | restartedMain | o.s.b.a.e.w.EndpointLinksResolver >>>>> Exposing 1 endpoint(s) beneath base path '/actuator'
2024-06-13 22:03:33.164 | INFO  | restartedMain | o.a.c.h.Http11NioProtocol >>>>> Starting ProtocolHandler ["http-nio-9191"]
2024-06-13 22:03:33.175 | INFO  | restartedMain | o.s.b.w.e.t.TomcatWebServer >>>>> Tomcat started on port 9191 (http) with context path ''
2024-06-13 22:03:33.184 | INFO  | restartedMain | c.e.m.MemberApplication >>>>> Started MemberApplication in 1.55 seconds (process running for 2.117)
2024-06-13 22:03:33.681 | INFO  | RMI TCP Connection(1)-192.168.31.173 | o.a.c.c.C.[.[.[/] >>>>> Initializing Spring DispatcherServlet 'dispatcherServlet'
2024-06-13 22:03:33.681 | INFO  | RMI TCP Connection(1)-192.168.31.173 | o.s.w.s.DispatcherServlet >>>>> Initializing Servlet 'dispatcherServlet'
2024-06-13 22:03:33.682 | INFO  | RMI TCP Connection(1)-192.168.31.173 | o.s.w.s.DispatcherServlet >>>>> Completed initialization in 1 ms
2024-06-13 22:03:33.710 | INFO  | RMI TCP Connection(2)-192.168.31.173 | c.a.d.p.DruidDataSource >>>>> {dataSource-1} inited
2024-06-13 22:03:39.631 | INFO  | SpringApplicationShutdownHook | c.a.d.p.DruidDataSource >>>>> {dataSource-1} closing ...
2024-06-13 22:03:39.633 | INFO  | SpringApplicationShutdownHook | c.a.d.p.DruidDataSource >>>>> {dataSource-1} closed
2024-06-13 22:03:41.848 | INFO  | restartedMain | c.e.m.MemberApplication >>>>> Starting MemberApplication using Java 17.0.9 with PID 7648 (D:\GithubProjects\SpringCloud\E-Commerce-Center\member-service-provider-10000\target\classes started by 30218 in D:\GithubProjects\SpringCloud)
2024-06-13 22:03:41.853 | INFO  | restartedMain | c.e.m.MemberApplication >>>>> No active profile set, falling back to 1 default profile: "default"
2024-06-13 22:03:41.873 | INFO  | restartedMain | o.s.b.d.e.DevToolsPropertyDefaultsPostProcessor >>>>> Devtools property defaults active! Set 'spring.devtools.add-properties' to 'false' to disable
2024-06-13 22:03:41.874 | INFO  | restartedMain | o.s.b.d.e.DevToolsPropertyDefaultsPostProcessor >>>>> For additional web related logging consider setting the 'logging.level.web' property to 'DEBUG'
2024-06-13 22:03:42.564 | INFO  | restartedMain | o.s.b.w.e.t.TomcatWebServer >>>>> Tomcat initialized with port 9191 (http)
2024-06-13 22:03:42.570 | INFO  | restartedMain | o.a.c.h.Http11NioProtocol >>>>> Initializing ProtocolHandler ["http-nio-9191"]
2024-06-13 22:03:42.571 | INFO  | restartedMain | o.a.c.c.StandardService >>>>> Starting service [Tomcat]
2024-06-13 22:03:42.571 | INFO  | restartedMain | o.a.c.c.StandardEngine >>>>> Starting Servlet engine: [Apache Tomcat/10.1.16]
2024-06-13 22:03:42.599 | INFO  | restartedMain | o.a.c.c.C.[.[.[/] >>>>> Initializing Spring embedded WebApplicationContext
2024-06-13 22:03:42.599 | INFO  | restartedMain | o.s.b.w.s.c.ServletWebServerApplicationContext >>>>> Root WebApplicationContext: initialization completed in 725 ms
2024-06-13 22:03:43.143 | INFO  | restartedMain | o.s.b.d.a.OptionalLiveReloadServer >>>>> LiveReload server is running on port 35729
2024-06-13 22:03:43.145 | INFO  | restartedMain | o.s.b.a.e.w.EndpointLinksResolver >>>>> Exposing 1 endpoint(s) beneath base path '/actuator'
2024-06-13 22:03:43.171 | INFO  | restartedMain | o.a.c.h.Http11NioProtocol >>>>> Starting ProtocolHandler ["http-nio-9191"]
2024-06-13 22:03:43.183 | INFO  | restartedMain | o.s.b.w.e.t.TomcatWebServer >>>>> Tomcat started on port 9191 (http) with context path ''
2024-06-13 22:03:43.192 | INFO  | restartedMain | c.e.m.MemberApplication >>>>> Started MemberApplication in 1.543 seconds (process running for 2.122)
2024-06-13 22:03:43.697 | INFO  | RMI TCP Connection(1)-192.168.31.173 | o.a.c.c.C.[.[.[/] >>>>> Initializing Spring DispatcherServlet 'dispatcherServlet'
2024-06-13 22:03:43.697 | INFO  | RMI TCP Connection(1)-192.168.31.173 | o.s.w.s.DispatcherServlet >>>>> Initializing Servlet 'dispatcherServlet'
2024-06-13 22:03:43.698 | INFO  | RMI TCP Connection(1)-192.168.31.173 | o.s.w.s.DispatcherServlet >>>>> Completed initialization in 1 ms
2024-06-13 22:03:43.730 | INFO  | RMI TCP Connection(2)-192.168.31.173 | c.a.d.p.DruidDataSource >>>>> {dataSource-1} inited
2024-06-13 22:03:46.608 | WARN  | http-nio-9191-exec-4 | o.s.w.s.m.m.a.ExceptionHandlerExceptionResolver >>>>> Resolved [org.springframework.web.servlet.resource.NoResourceFoundException: No static resource favicon.ico.]
2024-06-13 22:03:46.718 | INFO  | http-nio-9191-exec-5 | o.s.a.AbstractOpenApiResource >>>>> Init duration for springdoc-openapi is: 99 ms
2024-06-13 22:04:00.159 | WARN  | http-nio-9191-exec-6 | o.s.w.s.m.m.a.ExceptionHandlerExceptionResolver >>>>> Resolved [org.springframework.web.servlet.resource.NoResourceFoundException: No static resource favicon.ico.]
2024-06-13 22:04:27.408 | INFO  | SpringApplicationShutdownHook | c.a.d.p.DruidDataSource >>>>> {dataSource-1} closing ...
2024-06-13 22:04:27.410 | INFO  | SpringApplicationShutdownHook | c.a.d.p.DruidDataSource >>>>> {dataSource-1} closed
